                                      1 ;--------------------------------------------------------
                                      2 ; File Created by SDCC : free open source ISO C Compiler 
                                      3 ; Version 4.3.2 #14228 (MINGW64)
                                      4 ;--------------------------------------------------------
                                      5 	.module main
                                      6 	.optsdcc -msm83
                                      7 	
                                      8 ;--------------------------------------------------------
                                      9 ; Public variables in this module
                                     10 ;--------------------------------------------------------
                                     11 	.globl _main
                                     12 	.globl _performantDelay
                                     13 	.globl _updatePlayer
                                     14 	.globl _changeDirection
                                     15 	.globl _setupPlayer
                                     16 	.globl _set_sprite_data
                                     17 	.globl _wait_vbl_done
                                     18 	.globl _joypad
                                     19 	.globl _player
                                     20 	.globl _playerUp
                                     21 	.globl _playerLeft
                                     22 	.globl _playerDown
                                     23 	.globl _playerMetasprite
                                     24 ;--------------------------------------------------------
                                     25 ; special function registers
                                     26 ;--------------------------------------------------------
                                     27 ;--------------------------------------------------------
                                     28 ; ram data
                                     29 ;--------------------------------------------------------
                                     30 	.area _DATA
                                     31 ;--------------------------------------------------------
                                     32 ; ram data
                                     33 ;--------------------------------------------------------
                                     34 	.area _INITIALIZED
      000000                         35 _playerDown::
      000000                         36 	.ds 80
      000050                         37 _playerLeft::
      000050                         38 	.ds 80
      0000A0                         39 _playerUp::
      0000A0                         40 	.ds 320
      0001E0                         41 _player::
      0001E0                         42 	.ds 7
                                     43 ;--------------------------------------------------------
                                     44 ; absolute external ram data
                                     45 ;--------------------------------------------------------
                                     46 	.area _DABS (ABS)
                                     47 ;--------------------------------------------------------
                                     48 ; global & static initialisations
                                     49 ;--------------------------------------------------------
                                     50 	.area _HOME
                                     51 	.area _GSINIT
                                     52 	.area _GSFINAL
                                     53 	.area _GSINIT
                                     54 ;--------------------------------------------------------
                                     55 ; Home
                                     56 ;--------------------------------------------------------
                                     57 	.area _HOME
                                     58 	.area _HOME
                                     59 ;--------------------------------------------------------
                                     60 ; code
                                     61 ;--------------------------------------------------------
                                     62 	.area _CODE
                                     63 ;player.c:19: uint8_t setupPlayer()
                                     64 ;	---------------------------------
                                     65 ; Function setupPlayer
                                     66 ; ---------------------------------
      000000                         67 _setupPlayer::
                                     68 ;player.c:21: set_sprite_data(0,4,playerDown);
      000000 11r00r00         [12]   69 	ld	de, #_playerDown
      000003 D5               [16]   70 	push	de
      000004 3E 04            [ 8]   71 	ld	a, #0x04
      000006 F5               [16]   72 	push	af
      000007 33               [ 8]   73 	inc	sp
      000008 AF               [ 4]   74 	xor	a, a
      000009 F5               [16]   75 	push	af
      00000A 33               [ 8]   76 	inc	sp
      00000B CDr00r00         [24]   77 	call	_set_sprite_data
      00000E E8 04            [16]   78 	add	sp, #4
                                     79 ;player.c:22: return move_metasprite(playerMetasprite,0,0,player.x, player.y);
      000010 21rE1r01         [12]   80 	ld	hl, #(_player + 1)
      000013 46               [ 8]   81 	ld	b, (hl)
      000014 21rE0r01         [12]   82 	ld	hl, #_player
      000017 4E               [ 8]   83 	ld	c, (hl)
                                     84 ;d:\gbdk\include\gb\metasprites.h:160: __current_metasprite = metasprite;
      000018 21r00r00         [12]   85 	ld	hl, #___current_metasprite
      00001B 36r33            [12]   86 	ld	(hl), #<(_playerMetasprite)
      00001D 23               [ 8]   87 	inc	hl
      00001E 36s00            [12]   88 	ld	(hl), #>(_playerMetasprite)
                                     89 ;d:\gbdk\include\gb\metasprites.h:161: __current_base_tile = base_tile;
      000020 21r00r00         [12]   90 	ld	hl, #___current_base_tile
      000023 36 00            [12]   91 	ld	(hl), #0x00
                                     92 ;d:\gbdk\include\gb\metasprites.h:162: __current_base_prop = 0;
      000025 21r00r00         [12]   93 	ld	hl, #___current_base_prop
      000028 36 00            [12]   94 	ld	(hl), #0x00
                                     95 ;d:\gbdk\include\gb\metasprites.h:163: return __move_metasprite(base_sprite, (y << 8) | (uint8_t)x);
      00002A 50               [ 4]   96 	ld	d, b
      00002B AF               [ 4]   97 	xor	a, a
      00002C 47               [ 4]   98 	ld	b, a
      00002D B1               [ 4]   99 	or	a, c
      00002E 5F               [ 4]  100 	ld	e, a
      00002F AF               [ 4]  101 	xor	a, a
                                    102 ;player.c:22: return move_metasprite(playerMetasprite,0,0,player.x, player.y);
                                    103 ;player.c:24: }
      000030 C3r00r00         [16]  104 	jp	___move_metasprite
      000033                        105 _playerMetasprite:
      000033 F8                     106 	.db #0xf8	; -8
      000034 F8                     107 	.db #0xf8	; -8
      000035 00                     108 	.db #0x00	; 0
      000036 00                     109 	.db #0x00	; 0
      000037 08                     110 	.db #0x08	;  8
      000038 00                     111 	.db #0x00	;  0
      000039 01                     112 	.db #0x01	; 1
      00003A 00                     113 	.db #0x00	; 0
      00003B F8                     114 	.db #0xf8	; -8
      00003C 08                     115 	.db #0x08	;  8
      00003D 02                     116 	.db #0x02	; 2
      00003E 00                     117 	.db #0x00	; 0
      00003F 08                     118 	.db #0x08	;  8
      000040 00                     119 	.db #0x00	;  0
      000041 03                     120 	.db #0x03	; 3
      000042 00                     121 	.db #0x00	; 0
      000043 80                     122 	.db #0x80	; -128
      000044 00                     123 	.db #0x00	;  0
      000045 00                     124 	.db #0x00	; 0
      000046 00                     125 	.db #0x00	; 0
                                    126 ;player.c:26: void changeDirection(uint8_t dir)
                                    127 ;	---------------------------------
                                    128 ; Function changeDirection
                                    129 ; ---------------------------------
      000047                        130 _changeDirection::
                                    131 ;player.c:28: switch (dir)
      000047 B7               [ 4]  132 	or	a, a
      000048 28 09            [12]  133 	jr	Z, 00101$
      00004A FE 01            [ 8]  134 	cp	a, #0x01
      00004C 28 13            [12]  135 	jr	Z, 00102$
      00004E D6 02            [ 8]  136 	sub	a, #0x02
      000050 28 1D            [12]  137 	jr	Z, 00103$
      000052 C9               [16]  138 	ret
                                    139 ;player.c:30: case 0:
      000053                        140 00101$:
                                    141 ;player.c:31: set_sprite_data(0,4,playerDown);
      000053 11r00r00         [12]  142 	ld	de, #_playerDown
      000056 D5               [16]  143 	push	de
      000057 21 00 04         [12]  144 	ld	hl, #0x400
      00005A E5               [16]  145 	push	hl
      00005B CDr00r00         [24]  146 	call	_set_sprite_data
      00005E E8 04            [16]  147 	add	sp, #4
                                    148 ;player.c:32: break;
      000060 C9               [16]  149 	ret
                                    150 ;player.c:33: case 1:
      000061                        151 00102$:
                                    152 ;player.c:34: set_sprite_data(0,4,playerUp);
      000061 11rA0r00         [12]  153 	ld	de, #_playerUp
      000064 D5               [16]  154 	push	de
      000065 21 00 04         [12]  155 	ld	hl, #0x400
      000068 E5               [16]  156 	push	hl
      000069 CDr00r00         [24]  157 	call	_set_sprite_data
      00006C E8 04            [16]  158 	add	sp, #4
                                    159 ;player.c:35: break;
      00006E C9               [16]  160 	ret
                                    161 ;player.c:36: case 2:
      00006F                        162 00103$:
                                    163 ;player.c:37: set_sprite_data(0,4,playerLeft);
      00006F 11r50r00         [12]  164 	ld	de, #_playerLeft
      000072 D5               [16]  165 	push	de
      000073 21 00 04         [12]  166 	ld	hl, #0x400
      000076 E5               [16]  167 	push	hl
      000077 CDr00r00         [24]  168 	call	_set_sprite_data
      00007A E8 04            [16]  169 	add	sp, #4
                                    170 ;player.c:39: }
                                    171 ;player.c:40: }
      00007C C9               [16]  172 	ret
                                    173 ;player.c:42: uint8_t updatePlayer()
                                    174 ;	---------------------------------
                                    175 ; Function updatePlayer
                                    176 ; ---------------------------------
      00007D                        177 _updatePlayer::
                                    178 ;player.c:44: if(joypad() & J_LEFT)
      00007D CDr00r00         [24]  179 	call	_joypad
      000080 CB 4F            [ 8]  180 	bit	1, a
      000082 28 0E            [12]  181 	jr	Z, 00110$
                                    182 ;player.c:46: player.currentDir = 2;
      000084 01rE0r01         [12]  183 	ld	bc, #_player+0
      000087 21rE6r01         [12]  184 	ld	hl, #(_player + 6)
      00008A 36 02            [12]  185 	ld	(hl), #0x02
                                    186 ;player.c:47: player.x -= 3;
      00008C 0A               [ 8]  187 	ld	a, (bc)
      00008D C6 FD            [ 8]  188 	add	a, #0xfd
      00008F 02               [ 8]  189 	ld	(bc), a
      000090 18 3C            [12]  190 	jr	00111$
      000092                        191 00110$:
                                    192 ;player.c:51: else if(joypad() & J_DOWN)
      000092 CDr00r00         [24]  193 	call	_joypad
      000095 CB 5F            [ 8]  194 	bit	3, a
      000097 28 0E            [12]  195 	jr	Z, 00107$
                                    196 ;player.c:53: player.currentDir = 0;
      000099 21rE6r01         [12]  197 	ld	hl, #(_player + 6)
      00009C 36 00            [12]  198 	ld	(hl), #0x00
                                    199 ;player.c:55: player.y += 3;
      00009E 01rE1r01         [12]  200 	ld	bc, #_player + 1
      0000A1 0A               [ 8]  201 	ld	a, (bc)
      0000A2 C6 03            [ 8]  202 	add	a, #0x03
      0000A4 02               [ 8]  203 	ld	(bc), a
      0000A5 18 27            [12]  204 	jr	00111$
      0000A7                        205 00107$:
                                    206 ;player.c:58: else if(joypad() & J_RIGHT)
      0000A7 CDr00r00         [24]  207 	call	_joypad
      0000AA 0F               [ 4]  208 	rrca
      0000AB 30 0E            [12]  209 	jr	NC, 00104$
                                    210 ;player.c:60: player.currentDir = 3;
      0000AD 01rE0r01         [12]  211 	ld	bc, #_player+0
      0000B0 21rE6r01         [12]  212 	ld	hl, #(_player + 6)
      0000B3 36 03            [12]  213 	ld	(hl), #0x03
                                    214 ;player.c:61: player.x += 3;
      0000B5 0A               [ 8]  215 	ld	a, (bc)
      0000B6 C6 03            [ 8]  216 	add	a, #0x03
      0000B8 02               [ 8]  217 	ld	(bc), a
      0000B9 18 13            [12]  218 	jr	00111$
      0000BB                        219 00104$:
                                    220 ;player.c:64: else if(joypad() & J_UP)
      0000BB CDr00r00         [24]  221 	call	_joypad
      0000BE CB 57            [ 8]  222 	bit	2, a
      0000C0 28 0C            [12]  223 	jr	Z, 00111$
                                    224 ;player.c:66: player.currentDir = 1;
      0000C2 21rE6r01         [12]  225 	ld	hl, #(_player + 6)
      0000C5 36 01            [12]  226 	ld	(hl), #0x01
                                    227 ;player.c:67: player.y -= 3;
      0000C7 01rE1r01         [12]  228 	ld	bc, #_player + 1
      0000CA 0A               [ 8]  229 	ld	a, (bc)
      0000CB C6 FD            [ 8]  230 	add	a, #0xfd
      0000CD 02               [ 8]  231 	ld	(bc), a
      0000CE                        232 00111$:
                                    233 ;player.c:71: changeDirection(player.currentDir);
      0000CE 01rE0r01         [12]  234 	ld	bc, #_player+0
      0000D1 21rE6r01         [12]  235 	ld	hl, #(_player + 6)
      0000D4 6E               [ 8]  236 	ld	l, (hl)
                                    237 ;	spillPairReg hl
      0000D5 C5               [16]  238 	push	bc
      0000D6 7D               [ 4]  239 	ld	a, l
      0000D7 CDr47r00         [24]  240 	call	_changeDirection
      0000DA C1               [12]  241 	pop	bc
                                    242 ;player.c:74: if(player.currentDir != 3){
      0000DB FArE6r01         [16]  243 	ld	a, (#(_player + 6) + 0)
                                    244 ;player.c:75: return move_metasprite(playerMetasprite,0,0, player.x, player.y);
      0000DE 59               [ 4]  245 	ld	e, c
      0000DF 50               [ 4]  246 	ld	d, b
      0000E0 13               [ 8]  247 	inc	de
                                    248 ;player.c:74: if(player.currentDir != 3){
      0000E1 D6 03            [ 8]  249 	sub	a, #0x03
      0000E3 28 1F            [12]  250 	jr	Z, 00113$
                                    251 ;player.c:75: return move_metasprite(playerMetasprite,0,0, player.x, player.y);
      0000E5 1A               [ 8]  252 	ld	a, (de)
      0000E6 5F               [ 4]  253 	ld	e, a
      0000E7 0A               [ 8]  254 	ld	a, (bc)
      0000E8 4F               [ 4]  255 	ld	c, a
                                    256 ;d:\gbdk\include\gb\metasprites.h:160: __current_metasprite = metasprite;
      0000E9 21r00r00         [12]  257 	ld	hl, #___current_metasprite
      0000EC 36r33            [12]  258 	ld	(hl), #<(_playerMetasprite)
      0000EE 23               [ 8]  259 	inc	hl
      0000EF 36s00            [12]  260 	ld	(hl), #>(_playerMetasprite)
                                    261 ;d:\gbdk\include\gb\metasprites.h:161: __current_base_tile = base_tile;
      0000F1 21r00r00         [12]  262 	ld	hl, #___current_base_tile
      0000F4 36 00            [12]  263 	ld	(hl), #0x00
                                    264 ;d:\gbdk\include\gb\metasprites.h:162: __current_base_prop = 0;
      0000F6 21r00r00         [12]  265 	ld	hl, #___current_base_prop
      0000F9 36 00            [12]  266 	ld	(hl), #0x00
                                    267 ;d:\gbdk\include\gb\metasprites.h:163: return __move_metasprite(base_sprite, (y << 8) | (uint8_t)x);
      0000FB 53               [ 4]  268 	ld	d, e
      0000FC AF               [ 4]  269 	xor	a, a
      0000FD 47               [ 4]  270 	ld	b, a
      0000FE B1               [ 4]  271 	or	a, c
      0000FF 5F               [ 4]  272 	ld	e, a
      000100 AF               [ 4]  273 	xor	a, a
                                    274 ;player.c:75: return move_metasprite(playerMetasprite,0,0, player.x, player.y);
      000101 C3r00r00         [16]  275 	jp	___move_metasprite
      000104                        276 00113$:
                                    277 ;player.c:78: set_sprite_data(0,4,playerLeft);
      000104 D5               [16]  278 	push	de
      000105 21r50r00         [12]  279 	ld	hl, #_playerLeft
      000108 E5               [16]  280 	push	hl
      000109 21 00 04         [12]  281 	ld	hl, #0x400
      00010C E5               [16]  282 	push	hl
      00010D CDr00r00         [24]  283 	call	_set_sprite_data
      000110 E8 04            [16]  284 	add	sp, #4
      000112 D1               [12]  285 	pop	de
                                    286 ;player.c:79: return move_metasprite_vflip(playerMetasprite,0,0, player.x, player.y);
      000113 1A               [ 8]  287 	ld	a, (de)
      000114 5F               [ 4]  288 	ld	e, a
      000115 0A               [ 8]  289 	ld	a, (bc)
      000116 4F               [ 4]  290 	ld	c, a
                                    291 ;d:\gbdk\include\gb\metasprites.h:200: __current_metasprite = metasprite;
      000117 21r00r00         [12]  292 	ld	hl, #___current_metasprite
      00011A 36r33            [12]  293 	ld	(hl), #<(_playerMetasprite)
      00011C 23               [ 8]  294 	inc	hl
      00011D 36s00            [12]  295 	ld	(hl), #>(_playerMetasprite)
                                    296 ;d:\gbdk\include\gb\metasprites.h:201: __current_base_tile = base_tile;
      00011F 21r00r00         [12]  297 	ld	hl, #___current_base_tile
      000122 36 00            [12]  298 	ld	(hl), #0x00
                                    299 ;d:\gbdk\include\gb\metasprites.h:202: __current_base_prop = 0;
      000124 21r00r00         [12]  300 	ld	hl, #___current_base_prop
      000127 36 00            [12]  301 	ld	(hl), #0x00
                                    302 ;d:\gbdk\include\gb\metasprites.h:203: return __move_metasprite_vflip(base_sprite, (y << 8) | (uint8_t)(x - 8u));
      000129 53               [ 4]  303 	ld	d, e
      00012A 1E 00            [ 8]  304 	ld	e, #0x00
      00012C 79               [ 4]  305 	ld	a, c
      00012D C6 F8            [ 8]  306 	add	a, #0xf8
      00012F 0E 00            [ 8]  307 	ld	c, #0x00
      000131 B3               [ 4]  308 	or	a, e
      000132 5F               [ 4]  309 	ld	e, a
      000133 AF               [ 4]  310 	xor	a, a
                                    311 ;player.c:79: return move_metasprite_vflip(playerMetasprite,0,0, player.x, player.y);
                                    312 ;player.c:82: }
      000134 C3r00r00         [16]  313 	jp	___move_metasprite_vflip
                                    314 ;main.c:8: void performantDelay(UINT8 nLoops)
                                    315 ;	---------------------------------
                                    316 ; Function performantDelay
                                    317 ; ---------------------------------
      000137                        318 _performantDelay::
      000137 4F               [ 4]  319 	ld	c, a
                                    320 ;main.c:10: for(UINT8 i = 0; i < nLoops; i++)
      000138 06 00            [ 8]  321 	ld	b, #0x00
      00013A                        322 00103$:
      00013A 78               [ 4]  323 	ld	a, b
      00013B 91               [ 4]  324 	sub	a, c
      00013C D0               [20]  325 	ret	NC
                                    326 ;main.c:12: wait_vbl_done();
      00013D CDr00r00         [24]  327 	call	_wait_vbl_done
                                    328 ;main.c:10: for(UINT8 i = 0; i < nLoops; i++)
      000140 04               [ 4]  329 	inc	b
                                    330 ;main.c:14: }
      000141 18 F7            [12]  331 	jr	00103$
                                    332 ;main.c:16: void main(int argc, char *argv[])
                                    333 ;	---------------------------------
                                    334 ; Function main
                                    335 ; ---------------------------------
      000143                        336 _main::
                                    337 ;main.c:19: lastSprite += setupPlayer();
      000143 CDr00r00         [24]  338 	call	_setupPlayer
                                    339 ;main.c:23: SHOW_SPRITES;
      000146 F0r00            [12]  340 	ldh	a, (_LCDC_REG + 0)
      000148 F6 02            [ 8]  341 	or	a, #0x02
      00014A E0r00            [12]  342 	ldh	(_LCDC_REG + 0), a
                                    343 ;main.c:24: DISPLAY_ON;
      00014C F0r00            [12]  344 	ldh	a, (_LCDC_REG + 0)
      00014E F6 80            [ 8]  345 	or	a, #0x80
      000150 E0r00            [12]  346 	ldh	(_LCDC_REG + 0), a
                                    347 ;main.c:26: while(1)
      000152                        348 00102$:
                                    349 ;main.c:29: lastSprite += updatePlayer();
      000152 CDr7Dr00         [24]  350 	call	_updatePlayer
                                    351 ;main.c:33: performantDelay(2);
      000155 3E 02            [ 8]  352 	ld	a, #0x02
      000157 CDr37r01         [24]  353 	call	_performantDelay
                                    354 ;main.c:37: }
      00015A 18 F6            [12]  355 	jr	00102$
                                    356 	.area _CODE
                                    357 	.area _INITIALIZER
      000000                        358 __xinit__playerDown:
      000000 07                     359 	.db #0x07	; 7
      000001 07                     360 	.db #0x07	; 7
      000002 08                     361 	.db #0x08	; 8
      000003 0C                     362 	.db #0x0c	; 12
      000004 16                     363 	.db #0x16	; 22
      000005 18                     364 	.db #0x18	; 24
      000006 2E                     365 	.db #0x2e	; 46
      000007 34                     366 	.db #0x34	; 52	'4'
      000008 2E                     367 	.db #0x2e	; 46
      000009 3E                     368 	.db #0x3e	; 62
      00000A 2C                     369 	.db #0x2c	; 44
      00000B 34                     370 	.db #0x34	; 52	'4'
      00000C 1D                     371 	.db #0x1d	; 29
      00000D 11                     372 	.db #0x11	; 17
      00000E 16                     373 	.db #0x16	; 22
      00000F 18                     374 	.db #0x18	; 24
      000010 0A                     375 	.db #0x0a	; 10
      000011 0E                     376 	.db #0x0e	; 14
      000012 07                     377 	.db #0x07	; 7
      000013 07                     378 	.db #0x07	; 7
      000014 19                     379 	.db #0x19	; 25
      000015 1D                     380 	.db #0x1d	; 29
      000016 2E                     381 	.db #0x2e	; 46
      000017 3C                     382 	.db #0x3c	; 60
      000018 2B                     383 	.db #0x2b	; 43
      000019 3D                     384 	.db #0x3d	; 61
      00001A 1D                     385 	.db #0x1d	; 29
      00001B 1E                     386 	.db #0x1e	; 30
      00001C 05                     387 	.db #0x05	; 5
      00001D 07                     388 	.db #0x07	; 7
      00001E 0E                     389 	.db #0x0e	; 14
      00001F 0E                     390 	.db #0x0e	; 14
      000020 E0                     391 	.db #0xe0	; 224
      000021 E0                     392 	.db #0xe0	; 224
      000022 10                     393 	.db #0x10	; 16
      000023 10                     394 	.db #0x10	; 16
      000024 08                     395 	.db #0x08	; 8
      000025 18                     396 	.db #0x18	; 24
      000026 24                     397 	.db #0x24	; 36
      000027 2C                     398 	.db #0x2c	; 44
      000028 74                     399 	.db #0x74	; 116	't'
      000029 7C                     400 	.db #0x7c	; 124
      00002A 34                     401 	.db #0x34	; 52	'4'
      00002B 2C                     402 	.db #0x2c	; 44
      00002C 98                     403 	.db #0x98	; 152
      00002D 88                     404 	.db #0x88	; 136
      00002E 28                     405 	.db #0x28	; 40
      00002F 18                     406 	.db #0x18	; 24
      000030 72                     407 	.db #0x72	; 114	'r'
      000031 52                     408 	.db #0x52	; 82	'R'
      000032 E7                     409 	.db #0xe7	; 231
      000033 E5                     410 	.db #0xe5	; 229
      000034 9A                     411 	.db #0x9a	; 154
      000035 BA                     412 	.db #0xba	; 186
      000036 36                     413 	.db #0x36	; 54	'6'
      000037 3E                     414 	.db #0x3e	; 62
      000038 B6                     415 	.db #0xb6	; 182
      000039 9E                     416 	.db #0x9e	; 158
      00003A 38                     417 	.db #0x38	; 56	'8'
      00003B 38                     418 	.db #0x38	; 56	'8'
      00003C E0                     419 	.db #0xe0	; 224
      00003D A0                     420 	.db #0xa0	; 160
      00003E 70                     421 	.db #0x70	; 112	'p'
      00003F 70                     422 	.db #0x70	; 112	'p'
      000040 00                     423 	.db #0x00	; 0
      000041 00                     424 	.db #0x00	; 0
      000042 00                     425 	.db #0x00	; 0
      000043 00                     426 	.db #0x00	; 0
      000044 00                     427 	.db #0x00	; 0
      000045 00                     428 	.db #0x00	; 0
      000046 00                     429 	.db #0x00	; 0
      000047 00                     430 	.db #0x00	; 0
      000048 00                     431 	.db #0x00	; 0
      000049 00                     432 	.db #0x00	; 0
      00004A 00                     433 	.db #0x00	; 0
      00004B 00                     434 	.db #0x00	; 0
      00004C 00                     435 	.db #0x00	; 0
      00004D 00                     436 	.db #0x00	; 0
      00004E 00                     437 	.db #0x00	; 0
      00004F 00                     438 	.db #0x00	; 0
      000050                        439 __xinit__playerLeft:
      000050 07                     440 	.db #0x07	; 7
      000051 07                     441 	.db #0x07	; 7
      000052 08                     442 	.db #0x08	; 8
      000053 0C                     443 	.db #0x0c	; 12
      000054 16                     444 	.db #0x16	; 22
      000055 18                     445 	.db #0x18	; 24
      000056 2C                     446 	.db #0x2c	; 44
      000057 34                     447 	.db #0x34	; 52	'4'
      000058 2E                     448 	.db #0x2e	; 46
      000059 3E                     449 	.db #0x3e	; 62
      00005A 2C                     450 	.db #0x2c	; 44
      00005B 34                     451 	.db #0x34	; 52	'4'
      00005C 14                     452 	.db #0x14	; 20
      00005D 18                     453 	.db #0x18	; 24
      00005E 19                     454 	.db #0x19	; 25
      00005F 1C                     455 	.db #0x1c	; 28
      000060 09                     456 	.db #0x09	; 9
      000061 0E                     457 	.db #0x0e	; 14
      000062 07                     458 	.db #0x07	; 7
      000063 07                     459 	.db #0x07	; 7
      000064 0B                     460 	.db #0x0b	; 11
      000065 0F                     461 	.db #0x0f	; 15
      000066 0A                     462 	.db #0x0a	; 10
      000067 0E                     463 	.db #0x0e	; 14
      000068 2F                     464 	.db #0x2f	; 47
      000069 2D                     465 	.db #0x2d	; 45
      00006A 5D                     466 	.db #0x5d	; 93
      00006B 7F                     467 	.db #0x7f	; 127
      00006C 2F                     468 	.db #0x2f	; 47
      00006D 2F                     469 	.db #0x2f	; 47
      00006E 03                     470 	.db #0x03	; 3
      00006F 03                     471 	.db #0x03	; 3
      000070 E0                     472 	.db #0xe0	; 224
      000071 E0                     473 	.db #0xe0	; 224
      000072 10                     474 	.db #0x10	; 16
      000073 10                     475 	.db #0x10	; 16
      000074 18                     476 	.db #0x18	; 24
      000075 08                     477 	.db #0x08	; 8
      000076 14                     478 	.db #0x14	; 20
      000077 0C                     479 	.db #0x0c	; 12
      000078 34                     480 	.db #0x34	; 52	'4'
      000079 0C                     481 	.db #0x0c	; 12
      00007A 14                     482 	.db #0x14	; 20
      00007B 0C                     483 	.db #0x0c	; 12
      00007C 28                     484 	.db #0x28	; 40
      00007D 18                     485 	.db #0x18	; 24
      00007E 28                     486 	.db #0x28	; 40
      00007F 18                     487 	.db #0x18	; 24
      000080 50                     488 	.db #0x50	; 80	'P'
      000081 30                     489 	.db #0x30	; 48	'0'
      000082 E0                     490 	.db #0xe0	; 224
      000083 E0                     491 	.db #0xe0	; 224
      000084 F0                     492 	.db #0xf0	; 240
      000085 D0                     493 	.db #0xd0	; 208
      000086 10                     494 	.db #0x10	; 16
      000087 30                     495 	.db #0x30	; 48	'0'
      000088 D0                     496 	.db #0xd0	; 208
      000089 F0                     497 	.db #0xf0	; 240
      00008A 50                     498 	.db #0x50	; 80	'P'
      00008B 30                     499 	.db #0x30	; 48	'0'
      00008C E0                     500 	.db #0xe0	; 224
      00008D E0                     501 	.db #0xe0	; 224
      00008E 80                     502 	.db #0x80	; 128
      00008F 80                     503 	.db #0x80	; 128
      000090 00                     504 	.db #0x00	; 0
      000091 00                     505 	.db #0x00	; 0
      000092 00                     506 	.db #0x00	; 0
      000093 00                     507 	.db #0x00	; 0
      000094 00                     508 	.db #0x00	; 0
      000095 00                     509 	.db #0x00	; 0
      000096 00                     510 	.db #0x00	; 0
      000097 00                     511 	.db #0x00	; 0
      000098 00                     512 	.db #0x00	; 0
      000099 00                     513 	.db #0x00	; 0
      00009A 00                     514 	.db #0x00	; 0
      00009B 00                     515 	.db #0x00	; 0
      00009C 00                     516 	.db #0x00	; 0
      00009D 00                     517 	.db #0x00	; 0
      00009E 00                     518 	.db #0x00	; 0
      00009F 00                     519 	.db #0x00	; 0
      0000A0                        520 __xinit__playerUp:
      0000A0 07                     521 	.db #0x07	; 7
      0000A1 07                     522 	.db #0x07	; 7
      0000A2 08                     523 	.db #0x08	; 8
      0000A3 0C                     524 	.db #0x0c	; 12
      0000A4 16                     525 	.db #0x16	; 22
      0000A5 18                     526 	.db #0x18	; 24
      0000A6 24                     527 	.db #0x24	; 36
      0000A7 38                     528 	.db #0x38	; 56	'8'
      0000A8 24                     529 	.db #0x24	; 36
      0000A9 38                     530 	.db #0x38	; 56	'8'
      0000AA 24                     531 	.db #0x24	; 36
      0000AB 38                     532 	.db #0x38	; 56	'8'
      0000AC 12                     533 	.db #0x12	; 18
      0000AD 1C                     534 	.db #0x1c	; 28
      0000AE 10                     535 	.db #0x10	; 16
      0000AF 1E                     536 	.db #0x1e	; 30
      0000B0 4B                     537 	.db #0x4b	; 75	'K'
      0000B1 4C                     538 	.db #0x4c	; 76	'L'
      0000B2 E7                     539 	.db #0xe7	; 231
      0000B3 A7                     540 	.db #0xa7	; 167
      0000B4 59                     541 	.db #0x59	; 89	'Y'
      0000B5 5D                     542 	.db #0x5d	; 93
      0000B6 6E                     543 	.db #0x6e	; 110	'n'
      0000B7 7C                     544 	.db #0x7c	; 124
      0000B8 6B                     545 	.db #0x6b	; 107	'k'
      0000B9 7D                     546 	.db #0x7d	; 125
      0000BA 1D                     547 	.db #0x1d	; 29
      0000BB 1E                     548 	.db #0x1e	; 30
      0000BC 05                     549 	.db #0x05	; 5
      0000BD 07                     550 	.db #0x07	; 7
      0000BE 0E                     551 	.db #0x0e	; 14
      0000BF 0E                     552 	.db #0x0e	; 14
      0000C0 E0                     553 	.db #0xe0	; 224
      0000C1 E0                     554 	.db #0xe0	; 224
      0000C2 10                     555 	.db #0x10	; 16
      0000C3 10                     556 	.db #0x10	; 16
      0000C4 08                     557 	.db #0x08	; 8
      0000C5 18                     558 	.db #0x18	; 24
      0000C6 04                     559 	.db #0x04	; 4
      0000C7 0C                     560 	.db #0x0c	; 12
      0000C8 04                     561 	.db #0x04	; 4
      0000C9 0C                     562 	.db #0x0c	; 12
      0000CA 14                     563 	.db #0x14	; 20
      0000CB 0C                     564 	.db #0x0c	; 12
      0000CC 18                     565 	.db #0x18	; 24
      0000CD 08                     566 	.db #0x08	; 8
      0000CE 28                     567 	.db #0x28	; 40
      0000CF 18                     568 	.db #0x18	; 24
      0000D0 30                     569 	.db #0x30	; 48	'0'
      0000D1 10                     570 	.db #0x10	; 16
      0000D2 E0                     571 	.db #0xe0	; 224
      0000D3 E0                     572 	.db #0xe0	; 224
      0000D4 98                     573 	.db #0x98	; 152
      0000D5 B8                     574 	.db #0xb8	; 184
      0000D6 34                     575 	.db #0x34	; 52	'4'
      0000D7 3C                     576 	.db #0x3c	; 60
      0000D8 B4                     577 	.db #0xb4	; 180
      0000D9 9C                     578 	.db #0x9c	; 156
      0000DA 38                     579 	.db #0x38	; 56	'8'
      0000DB 38                     580 	.db #0x38	; 56	'8'
      0000DC E0                     581 	.db #0xe0	; 224
      0000DD A0                     582 	.db #0xa0	; 160
      0000DE 70                     583 	.db #0x70	; 112	'p'
      0000DF 70                     584 	.db #0x70	; 112	'p'
      0000E0 00                     585 	.db #0x00	; 0
      0000E1 00                     586 	.db #0x00	; 0
      0000E2 00                     587 	.db #0x00	; 0
      0000E3 00                     588 	.db #0x00	; 0
      0000E4 00                     589 	.db #0x00	; 0
      0000E5 00                     590 	.db #0x00	; 0
      0000E6 00                     591 	.db #0x00	; 0
      0000E7 00                     592 	.db #0x00	; 0
      0000E8 00                     593 	.db #0x00	; 0
      0000E9 00                     594 	.db #0x00	; 0
      0000EA 00                     595 	.db #0x00	; 0
      0000EB 00                     596 	.db #0x00	; 0
      0000EC 00                     597 	.db #0x00	; 0
      0000ED 00                     598 	.db #0x00	; 0
      0000EE 00                     599 	.db #0x00	; 0
      0000EF 00                     600 	.db #0x00	; 0
      0000F0 00                     601 	.db #0x00	; 0
      0000F1 00                     602 	.db #0x00	; 0
      0000F2 00                     603 	.db #0x00	; 0
      0000F3 00                     604 	.db #0x00	; 0
      0000F4 00                     605 	.db #0x00	; 0
      0000F5 00                     606 	.db #0x00	; 0
      0000F6 00                     607 	.db #0x00	; 0
      0000F7 00                     608 	.db #0x00	; 0
      0000F8 00                     609 	.db #0x00	; 0
      0000F9 00                     610 	.db #0x00	; 0
      0000FA 00                     611 	.db #0x00	; 0
      0000FB 00                     612 	.db #0x00	; 0
      0000FC 00                     613 	.db #0x00	; 0
      0000FD 00                     614 	.db #0x00	; 0
      0000FE 00                     615 	.db #0x00	; 0
      0000FF 00                     616 	.db #0x00	; 0
      000100 00                     617 	.db #0x00	; 0
      000101 00                     618 	.db #0x00	; 0
      000102 00                     619 	.db #0x00	; 0
      000103 00                     620 	.db #0x00	; 0
      000104 00                     621 	.db #0x00	; 0
      000105 00                     622 	.db #0x00	; 0
      000106 00                     623 	.db #0x00	; 0
      000107 00                     624 	.db #0x00	; 0
      000108 00                     625 	.db #0x00	; 0
      000109 00                     626 	.db #0x00	; 0
      00010A 00                     627 	.db #0x00	; 0
      00010B 00                     628 	.db #0x00	; 0
      00010C 00                     629 	.db #0x00	; 0
      00010D 00                     630 	.db #0x00	; 0
      00010E 00                     631 	.db #0x00	; 0
      00010F 00                     632 	.db #0x00	; 0
      000110 00                     633 	.db #0x00	; 0
      000111 00                     634 	.db #0x00	; 0
      000112 00                     635 	.db #0x00	; 0
      000113 00                     636 	.db #0x00	; 0
      000114 00                     637 	.db #0x00	; 0
      000115 00                     638 	.db #0x00	; 0
      000116 00                     639 	.db #0x00	; 0
      000117 00                     640 	.db #0x00	; 0
      000118 00                     641 	.db #0x00	; 0
      000119 00                     642 	.db #0x00	; 0
      00011A 00                     643 	.db #0x00	; 0
      00011B 00                     644 	.db #0x00	; 0
      00011C 00                     645 	.db #0x00	; 0
      00011D 00                     646 	.db #0x00	; 0
      00011E 00                     647 	.db #0x00	; 0
      00011F 00                     648 	.db #0x00	; 0
      000120 00                     649 	.db #0x00	; 0
      000121 00                     650 	.db #0x00	; 0
      000122 00                     651 	.db #0x00	; 0
      000123 00                     652 	.db #0x00	; 0
      000124 00                     653 	.db #0x00	; 0
      000125 00                     654 	.db #0x00	; 0
      000126 00                     655 	.db #0x00	; 0
      000127 00                     656 	.db #0x00	; 0
      000128 00                     657 	.db #0x00	; 0
      000129 00                     658 	.db #0x00	; 0
      00012A 00                     659 	.db #0x00	; 0
      00012B 00                     660 	.db #0x00	; 0
      00012C 00                     661 	.db #0x00	; 0
      00012D 00                     662 	.db #0x00	; 0
      00012E 00                     663 	.db #0x00	; 0
      00012F 00                     664 	.db #0x00	; 0
      000130 00                     665 	.db #0x00	; 0
      000131 00                     666 	.db #0x00	; 0
      000132 00                     667 	.db #0x00	; 0
      000133 00                     668 	.db #0x00	; 0
      000134 00                     669 	.db #0x00	; 0
      000135 00                     670 	.db #0x00	; 0
      000136 00                     671 	.db #0x00	; 0
      000137 00                     672 	.db #0x00	; 0
      000138 00                     673 	.db #0x00	; 0
      000139 00                     674 	.db #0x00	; 0
      00013A 00                     675 	.db #0x00	; 0
      00013B 00                     676 	.db #0x00	; 0
      00013C 00                     677 	.db #0x00	; 0
      00013D 00                     678 	.db #0x00	; 0
      00013E 00                     679 	.db #0x00	; 0
      00013F 00                     680 	.db #0x00	; 0
      000140 00                     681 	.db #0x00	; 0
      000141 00                     682 	.db #0x00	; 0
      000142 00                     683 	.db #0x00	; 0
      000143 00                     684 	.db #0x00	; 0
      000144 00                     685 	.db #0x00	; 0
      000145 00                     686 	.db #0x00	; 0
      000146 00                     687 	.db #0x00	; 0
      000147 00                     688 	.db #0x00	; 0
      000148 00                     689 	.db #0x00	; 0
      000149 00                     690 	.db #0x00	; 0
      00014A 00                     691 	.db #0x00	; 0
      00014B 00                     692 	.db #0x00	; 0
      00014C 00                     693 	.db #0x00	; 0
      00014D 00                     694 	.db #0x00	; 0
      00014E 00                     695 	.db #0x00	; 0
      00014F 00                     696 	.db #0x00	; 0
      000150 00                     697 	.db #0x00	; 0
      000151 00                     698 	.db #0x00	; 0
      000152 00                     699 	.db #0x00	; 0
      000153 00                     700 	.db #0x00	; 0
      000154 00                     701 	.db #0x00	; 0
      000155 00                     702 	.db #0x00	; 0
      000156 00                     703 	.db #0x00	; 0
      000157 00                     704 	.db #0x00	; 0
      000158 00                     705 	.db #0x00	; 0
      000159 00                     706 	.db #0x00	; 0
      00015A 00                     707 	.db #0x00	; 0
      00015B 00                     708 	.db #0x00	; 0
      00015C 00                     709 	.db #0x00	; 0
      00015D 00                     710 	.db #0x00	; 0
      00015E 00                     711 	.db #0x00	; 0
      00015F 00                     712 	.db #0x00	; 0
      000160 00                     713 	.db #0x00	; 0
      000161 00                     714 	.db #0x00	; 0
      000162 00                     715 	.db #0x00	; 0
      000163 00                     716 	.db #0x00	; 0
      000164 00                     717 	.db #0x00	; 0
      000165 00                     718 	.db #0x00	; 0
      000166 00                     719 	.db #0x00	; 0
      000167 00                     720 	.db #0x00	; 0
      000168 00                     721 	.db #0x00	; 0
      000169 00                     722 	.db #0x00	; 0
      00016A 00                     723 	.db #0x00	; 0
      00016B 00                     724 	.db #0x00	; 0
      00016C 00                     725 	.db #0x00	; 0
      00016D 00                     726 	.db #0x00	; 0
      00016E 00                     727 	.db #0x00	; 0
      00016F 00                     728 	.db #0x00	; 0
      000170 00                     729 	.db #0x00	; 0
      000171 00                     730 	.db #0x00	; 0
      000172 00                     731 	.db #0x00	; 0
      000173 00                     732 	.db #0x00	; 0
      000174 00                     733 	.db #0x00	; 0
      000175 00                     734 	.db #0x00	; 0
      000176 00                     735 	.db #0x00	; 0
      000177 00                     736 	.db #0x00	; 0
      000178 00                     737 	.db #0x00	; 0
      000179 00                     738 	.db #0x00	; 0
      00017A 00                     739 	.db #0x00	; 0
      00017B 00                     740 	.db #0x00	; 0
      00017C 00                     741 	.db #0x00	; 0
      00017D 00                     742 	.db #0x00	; 0
      00017E 00                     743 	.db #0x00	; 0
      00017F 00                     744 	.db #0x00	; 0
      000180 00                     745 	.db #0x00	; 0
      000181 00                     746 	.db #0x00	; 0
      000182 00                     747 	.db #0x00	; 0
      000183 00                     748 	.db #0x00	; 0
      000184 00                     749 	.db #0x00	; 0
      000185 00                     750 	.db #0x00	; 0
      000186 00                     751 	.db #0x00	; 0
      000187 00                     752 	.db #0x00	; 0
      000188 00                     753 	.db #0x00	; 0
      000189 00                     754 	.db #0x00	; 0
      00018A 00                     755 	.db #0x00	; 0
      00018B 00                     756 	.db #0x00	; 0
      00018C 00                     757 	.db #0x00	; 0
      00018D 00                     758 	.db #0x00	; 0
      00018E 00                     759 	.db #0x00	; 0
      00018F 00                     760 	.db #0x00	; 0
      000190 00                     761 	.db #0x00	; 0
      000191 00                     762 	.db #0x00	; 0
      000192 00                     763 	.db #0x00	; 0
      000193 00                     764 	.db #0x00	; 0
      000194 00                     765 	.db #0x00	; 0
      000195 00                     766 	.db #0x00	; 0
      000196 00                     767 	.db #0x00	; 0
      000197 00                     768 	.db #0x00	; 0
      000198 00                     769 	.db #0x00	; 0
      000199 00                     770 	.db #0x00	; 0
      00019A 00                     771 	.db #0x00	; 0
      00019B 00                     772 	.db #0x00	; 0
      00019C 00                     773 	.db #0x00	; 0
      00019D 00                     774 	.db #0x00	; 0
      00019E 00                     775 	.db #0x00	; 0
      00019F 00                     776 	.db #0x00	; 0
      0001A0 00                     777 	.db #0x00	; 0
      0001A1 00                     778 	.db #0x00	; 0
      0001A2 00                     779 	.db #0x00	; 0
      0001A3 00                     780 	.db #0x00	; 0
      0001A4 00                     781 	.db #0x00	; 0
      0001A5 00                     782 	.db #0x00	; 0
      0001A6 00                     783 	.db #0x00	; 0
      0001A7 00                     784 	.db #0x00	; 0
      0001A8 00                     785 	.db #0x00	; 0
      0001A9 00                     786 	.db #0x00	; 0
      0001AA 00                     787 	.db #0x00	; 0
      0001AB 00                     788 	.db #0x00	; 0
      0001AC 00                     789 	.db #0x00	; 0
      0001AD 00                     790 	.db #0x00	; 0
      0001AE 00                     791 	.db #0x00	; 0
      0001AF 00                     792 	.db #0x00	; 0
      0001B0 00                     793 	.db #0x00	; 0
      0001B1 00                     794 	.db #0x00	; 0
      0001B2 00                     795 	.db #0x00	; 0
      0001B3 00                     796 	.db #0x00	; 0
      0001B4 00                     797 	.db #0x00	; 0
      0001B5 00                     798 	.db #0x00	; 0
      0001B6 00                     799 	.db #0x00	; 0
      0001B7 00                     800 	.db #0x00	; 0
      0001B8 00                     801 	.db #0x00	; 0
      0001B9 00                     802 	.db #0x00	; 0
      0001BA 00                     803 	.db #0x00	; 0
      0001BB 00                     804 	.db #0x00	; 0
      0001BC 00                     805 	.db #0x00	; 0
      0001BD 00                     806 	.db #0x00	; 0
      0001BE 00                     807 	.db #0x00	; 0
      0001BF 00                     808 	.db #0x00	; 0
      0001C0 00                     809 	.db #0x00	; 0
      0001C1 00                     810 	.db #0x00	; 0
      0001C2 00                     811 	.db #0x00	; 0
      0001C3 00                     812 	.db #0x00	; 0
      0001C4 00                     813 	.db #0x00	; 0
      0001C5 00                     814 	.db #0x00	; 0
      0001C6 00                     815 	.db #0x00	; 0
      0001C7 00                     816 	.db #0x00	; 0
      0001C8 00                     817 	.db #0x00	; 0
      0001C9 00                     818 	.db #0x00	; 0
      0001CA 00                     819 	.db #0x00	; 0
      0001CB 00                     820 	.db #0x00	; 0
      0001CC 00                     821 	.db #0x00	; 0
      0001CD 00                     822 	.db #0x00	; 0
      0001CE 00                     823 	.db #0x00	; 0
      0001CF 00                     824 	.db #0x00	; 0
      0001D0 00                     825 	.db #0x00	; 0
      0001D1 00                     826 	.db #0x00	; 0
      0001D2 00                     827 	.db #0x00	; 0
      0001D3 00                     828 	.db #0x00	; 0
      0001D4 00                     829 	.db #0x00	; 0
      0001D5 00                     830 	.db #0x00	; 0
      0001D6 00                     831 	.db #0x00	; 0
      0001D7 00                     832 	.db #0x00	; 0
      0001D8 00                     833 	.db #0x00	; 0
      0001D9 00                     834 	.db #0x00	; 0
      0001DA 00                     835 	.db #0x00	; 0
      0001DB 00                     836 	.db #0x00	; 0
      0001DC 00                     837 	.db #0x00	; 0
      0001DD 00                     838 	.db #0x00	; 0
      0001DE 00                     839 	.db #0x00	; 0
      0001DF 00                     840 	.db #0x00	; 0
      0001E0                        841 __xinit__player:
      0001E0 50                     842 	.db #0x50	; 80	'P'
      0001E1 50                     843 	.db #0x50	; 80	'P'
      0001E2 00                     844 	.db #0x00	; 0
      0001E3 00                     845 	.db #0x00	; 0
      0001E4 00                     846 	.db #0x00	; 0
      0001E5 00                     847 	.db #0x00	; 0
      0001E6 00                     848 	.db #0x00	; 0
                                    849 	.area _CABS (ABS)
